[debug] [2025-09-19T00:33:19.378Z] ----------------------------------------------------------------------
[debug] [2025-09-19T00:33:19.389Z] Command:       D:\VScode\node.exe C:\Users\pphap\AppData\Roaming\npm\node_modules\firebase-tools\lib\bin\firebase.js emulators:start --only functions
[debug] [2025-09-19T00:33:19.391Z] CLI Version:   14.15.2
[debug] [2025-09-19T00:33:19.392Z] Platform:      win32
[debug] [2025-09-19T00:33:19.392Z] Node Version:  v22.19.0
[debug] [2025-09-19T00:33:19.394Z] Time:          Fri Sep 19 2025 07:33:19 GMT+0700 (Indochina Time)
[debug] [2025-09-19T00:33:19.394Z] ----------------------------------------------------------------------
[debug] 
[debug] [2025-09-19T00:33:20.461Z] > command requires scopes: ["email","openid","https://www.googleapis.com/auth/cloudplatformprojects.readonly","https://www.googleapis.com/auth/firebase","https://www.googleapis.com/auth/cloud-platform"]
[debug] [2025-09-19T00:33:20.463Z] > authorizing via signed-in user (pphappy076@gmail.com)
[info] i  emulators: Starting emulators: functions {"metadata":{"emulator":{"name":"hub"},"message":"Starting emulators: functions"}}
[debug] [2025-09-19T00:33:20.536Z] [logging] Logging Emulator only supports listening on one address (127.0.0.1). Not listening on ::1
[debug] [2025-09-19T00:33:20.536Z] assigned listening specs for emulators {"user":{"hub":[{"address":"127.0.0.1","family":"IPv4","port":4400},{"address":"::1","family":"IPv6","port":4400}],"ui":[{"address":"127.0.0.1","family":"IPv4","port":4000},{"address":"::1","family":"IPv6","port":4000}],"logging":[{"address":"127.0.0.1","family":"IPv4","port":4500}]},"metadata":{"message":"assigned listening specs for emulators"}}
[debug] [2025-09-19T00:33:20.553Z] [hub] writing locator at C:\Users\pphap\AppData\Local\Temp\hub-expense-wallet-82d9f.json
[warn] !  functions: Port 5001 is available on 127.0.0.1 but not ::1. This may cause issues with some clients. {"metadata":{"emulator":{"name":"functions"},"message":"Port 5001 is available on 127.0.0.1 but not ::1. This may cause issues with some clients."}}
[warn] !  functions: If you encounter connectivity issues, consider switching to a different port or explicitly specifying "host": "<ip address>" instead of hostname in firebase.json {"metadata":{"emulator":{"name":"functions"},"message":"If you encounter connectivity issues, consider switching to a different port or explicitly specifying \u001b[33m\"host\": \"<ip address>\"\u001b[39m instead of hostname in firebase.json"}}
[debug] [2025-09-19T00:33:20.637Z] [eventarc] Eventarc Emulator only supports listening on one address (127.0.0.1). Not listening on ::1
[debug] [2025-09-19T00:33:20.637Z] [tasks] Cloud Tasks Emulator only supports listening on one address (127.0.0.1). Not listening on ::1
[debug] [2025-09-19T00:33:20.638Z] late-assigned ports for functions and eventarc emulators {"user":{"hub":[{"address":"127.0.0.1","family":"IPv4","port":4400},{"address":"::1","family":"IPv6","port":4400}],"ui":[{"address":"127.0.0.1","family":"IPv4","port":4000},{"address":"::1","family":"IPv6","port":4000}],"logging":[{"address":"127.0.0.1","family":"IPv4","port":4500}],"functions":[{"address":"127.0.0.1","family":"IPv4","port":5001}],"eventarc":[{"address":"127.0.0.1","family":"IPv4","port":9299}],"tasks":[{"address":"127.0.0.1","family":"IPv4","port":9499}]},"metadata":{"message":"late-assigned ports for functions and eventarc emulators"}}
[warn] !  functions: The following emulators are not running, calls to these services from the Functions emulator will affect production: apphosting, auth, firestore, database, hosting, pubsub, storage, dataconnect {"metadata":{"emulator":{"name":"functions"},"message":"The following emulators are not running, calls to these services from the Functions emulator will affect production: \u001b[1mapphosting, auth, firestore, database, hosting, pubsub, storage, dataconnect\u001b[22m"}}
[debug] [2025-09-19T00:33:20.719Z] defaultcredentials: writing to file C:\Users\pphap\AppData\Roaming\firebase\pphappy076_gmail_com_application_default_credentials.json
[debug] [2025-09-19T00:33:20.734Z] Setting GAC to C:\Users\pphap\AppData\Roaming\firebase\pphappy076_gmail_com_application_default_credentials.json {"metadata":{"emulator":{"name":"functions"},"message":"Setting GAC to C:\\Users\\pphap\\AppData\\Roaming\\firebase\\pphappy076_gmail_com_application_default_credentials.json"}}
[debug] [2025-09-19T00:33:20.740Z] Checked if tokens are valid: true, expires at: 1758245375756
[debug] [2025-09-19T00:33:20.743Z] Checked if tokens are valid: true, expires at: 1758245375756
[debug] [2025-09-19T00:33:20.750Z] >>> [apiv2][query] GET https://firebase.googleapis.com/v1beta1/projects/expense-wallet-82d9f/adminSdkConfig [none]
[debug] [2025-09-19T00:33:21.635Z] <<< [apiv2][status] GET https://firebase.googleapis.com/v1beta1/projects/expense-wallet-82d9f/adminSdkConfig 200
[debug] [2025-09-19T00:33:21.636Z] <<< [apiv2][body] GET https://firebase.googleapis.com/v1beta1/projects/expense-wallet-82d9f/adminSdkConfig {"projectId":"expense-wallet-82d9f","storageBucket":"expense-wallet-82d9f.firebasestorage.app"}
[info] i  ui: downloading ui-v1.15.0.zip... {"metadata":{"emulator":{"name":"ui"},"message":"downloading ui-v1.15.0.zip..."}}
[debug] [2025-09-19T00:33:21.747Z] >>> [apiv2][query] GET https://storage.googleapis.com/firebase-preview-drop/emulator/ui-v1.15.0.zip 
[debug] [2025-09-19T00:33:22.101Z] <<< [apiv2][status] GET https://storage.googleapis.com/firebase-preview-drop/emulator/ui-v1.15.0.zip 200
[debug] [2025-09-19T00:33:22.101Z] <<< [apiv2][body] GET https://storage.googleapis.com/firebase-preview-drop/emulator/ui-v1.15.0.zip [stream]
[debug] [2025-09-19T00:33:23.714Z] Data is 3538469
[debug] [2025-09-19T00:33:23.714Z] [unzip] Entry: client/ (compressed_size=0 bytes, uncompressed_size=0 bytes)
[debug] [2025-09-19T00:33:23.715Z] [unzip] Processing entry: client\
[debug] [2025-09-19T00:33:23.715Z] [unzip] mkdir: C:\Users\pphap\.cache\firebase\emulators\ui-v1.15.0\client\
[debug] [2025-09-19T00:33:23.719Z] [unzip] Entry: client/favicon-16x16.png (compressed_size=293 bytes, uncompressed_size=293 bytes)
[debug] [2025-09-19T00:33:23.721Z] [unzip] Processing entry: client\favicon-16x16.png
[debug] [2025-09-19T00:33:23.722Z] [unzip] else mkdir: C:\Users\pphap\.cache\firebase\emulators\ui-v1.15.0\client
[debug] [2025-09-19T00:33:23.725Z] [unzip] Writing file: C:\Users\pphap\.cache\firebase\emulators\ui-v1.15.0\client\favicon-16x16.png
[debug] [2025-09-19T00:33:23.733Z] [unzip] Entry: client/safari-pinned-tab.svg (compressed_size=1433 bytes, uncompressed_size=2611 bytes)
[debug] [2025-09-19T00:33:23.734Z] [unzip] Processing entry: client\safari-pinned-tab.svg
[debug] [2025-09-19T00:33:23.734Z] [unzip] else mkdir: C:\Users\pphap\.cache\firebase\emulators\ui-v1.15.0\client
[debug] [2025-09-19T00:33:23.746Z] [unzip] deflating: C:\Users\pphap\.cache\firebase\emulators\ui-v1.15.0\client\safari-pinned-tab.svg
[debug] [2025-09-19T00:33:23.783Z] [unzip] Entry: client/favicon.ico (compressed_size=2933 bytes, uncompressed_size=13294 bytes)
[debug] [2025-09-19T00:33:23.785Z] [unzip] Processing entry: client\favicon.ico
[debug] [2025-09-19T00:33:23.786Z] [unzip] else mkdir: C:\Users\pphap\.cache\firebase\emulators\ui-v1.15.0\client
[debug] [2025-09-19T00:33:23.789Z] [unzip] deflating: C:\Users\pphap\.cache\firebase\emulators\ui-v1.15.0\client\favicon.ico
[debug] [2025-09-19T00:33:23.816Z] [unzip] Entry: client/index.html (compressed_size=1364 bytes, uncompressed_size=3071 bytes)
[debug] [2025-09-19T00:33:23.817Z] [unzip] Processing entry: client\index.html
[debug] [2025-09-19T00:33:23.817Z] [unzip] else mkdir: C:\Users\pphap\.cache\firebase\emulators\ui-v1.15.0\client
[debug] [2025-09-19T00:33:23.825Z] [unzip] deflating: C:\Users\pphap\.cache\firebase\emulators\ui-v1.15.0\client\index.html
[debug] [2025-09-19T00:33:23.842Z] [unzip] Entry: client/android-chrome-192x192.png (compressed_size=2684 bytes, uncompressed_size=2684 bytes)
[debug] [2025-09-19T00:33:23.843Z] [unzip] Processing entry: client\android-chrome-192x192.png
[debug] [2025-09-19T00:33:23.843Z] [unzip] else mkdir: C:\Users\pphap\.cache\firebase\emulators\ui-v1.15.0\client
[debug] [2025-09-19T00:33:23.846Z] [unzip] Writing file: C:\Users\pphap\.cache\firebase\emulators\ui-v1.15.0\client\android-chrome-192x192.png
[debug] [2025-09-19T00:33:23.859Z] [unzip] Entry: client/apple-touch-icon.png (compressed_size=2123 bytes, uncompressed_size=2152 bytes)
[debug] [2025-09-19T00:33:23.861Z] [unzip] Processing entry: client\apple-touch-icon.png
[debug] [2025-09-19T00:33:23.861Z] [unzip] else mkdir: C:\Users\pphap\.cache\firebase\emulators\ui-v1.15.0\client
[debug] [2025-09-19T00:33:23.871Z] [unzip] deflating: C:\Users\pphap\.cache\firebase\emulators\ui-v1.15.0\client\apple-touch-icon.png
[debug] [2025-09-19T00:33:23.879Z] [unzip] Entry: client/android-chrome-512x512.png (compressed_size=5369 bytes, uncompressed_size=5411 bytes)
[debug] [2025-09-19T00:33:23.879Z] [unzip] Processing entry: client\android-chrome-512x512.png
[debug] [2025-09-19T00:33:23.879Z] [unzip] else mkdir: C:\Users\pphap\.cache\firebase\emulators\ui-v1.15.0\client
[debug] [2025-09-19T00:33:23.883Z] [unzip] deflating: C:\Users\pphap\.cache\firebase\emulators\ui-v1.15.0\client\android-chrome-512x512.png
[debug] [2025-09-19T00:33:23.891Z] [unzip] Entry: client/manifest.json (compressed_size=245 bytes, uncompressed_size=551 bytes)
[debug] [2025-09-19T00:33:23.891Z] [unzip] Processing entry: client\manifest.json
[debug] [2025-09-19T00:33:23.892Z] [unzip] else mkdir: C:\Users\pphap\.cache\firebase\emulators\ui-v1.15.0\client
[debug] [2025-09-19T00:33:23.894Z] [unzip] deflating: C:\Users\pphap\.cache\firebase\emulators\ui-v1.15.0\client\manifest.json
[debug] [2025-09-19T00:33:23.903Z] [unzip] Entry: client/robots.txt (compressed_size=26 bytes, uncompressed_size=26 bytes)
[debug] [2025-09-19T00:33:23.904Z] [unzip] Processing entry: client\robots.txt
[debug] [2025-09-19T00:33:23.904Z] [unzip] else mkdir: C:\Users\pphap\.cache\firebase\emulators\ui-v1.15.0\client
[debug] [2025-09-19T00:33:23.907Z] [unzip] Writing file: C:\Users\pphap\.cache\firebase\emulators\ui-v1.15.0\client\robots.txt
[debug] [2025-09-19T00:33:23.910Z] [unzip] Entry: client/mstile-150x150.png (compressed_size=2034 bytes, uncompressed_size=2034 bytes)
[debug] [2025-09-19T00:33:23.911Z] [unzip] Processing entry: client\mstile-150x150.png
[debug] [2025-09-19T00:33:23.912Z] [unzip] else mkdir: C:\Users\pphap\.cache\firebase\emulators\ui-v1.15.0\client
[debug] [2025-09-19T00:33:23.915Z] [unzip] Writing file: C:\Users\pphap\.cache\firebase\emulators\ui-v1.15.0\client\mstile-150x150.png
[debug] [2025-09-19T00:33:23.921Z] [unzip] Entry: client/assets/ (compressed_size=0 bytes, uncompressed_size=0 bytes)
[debug] [2025-09-19T00:33:23.922Z] [unzip] Processing entry: client\assets\
[debug] [2025-09-19T00:33:23.923Z] [unzip] mkdir: C:\Users\pphap\.cache\firebase\emulators\ui-v1.15.0\client\assets\
[debug] [2025-09-19T00:33:23.926Z] [unzip] Entry: client/assets/index-BX-A56oj.js (compressed_size=582089 bytes, uncompressed_size=2092775 bytes)
[debug] [2025-09-19T00:33:23.926Z] [unzip] Processing entry: client\assets\index-BX-A56oj.js
[debug] [2025-09-19T00:33:23.927Z] [unzip] else mkdir: C:\Users\pphap\.cache\firebase\emulators\ui-v1.15.0\client\assets
[debug] [2025-09-19T00:33:23.930Z] [unzip] deflating: C:\Users\pphap\.cache\firebase\emulators\ui-v1.15.0\client\assets\index-BX-A56oj.js
[debug] [2025-09-19T00:33:24.050Z] [unzip] Entry: client/assets/index-CjB9C900.css (compressed_size=35979 bytes, uncompressed_size=298654 bytes)
[debug] [2025-09-19T00:33:24.052Z] [unzip] Processing entry: client\assets\index-CjB9C900.css
[debug] [2025-09-19T00:33:24.052Z] [unzip] else mkdir: C:\Users\pphap\.cache\firebase\emulators\ui-v1.15.0\client\assets
[debug] [2025-09-19T00:33:24.053Z] [unzip] deflating: C:\Users\pphap\.cache\firebase\emulators\ui-v1.15.0\client\assets\index-CjB9C900.css
[debug] [2025-09-19T00:33:24.076Z] [unzip] Entry: client/assets/index-BX-A56oj.js.map (compressed_size=2362482 bytes, uncompressed_size=10036679 bytes)
[debug] [2025-09-19T00:33:24.077Z] [unzip] Processing entry: client\assets\index-BX-A56oj.js.map
[debug] [2025-09-19T00:33:24.077Z] [unzip] else mkdir: C:\Users\pphap\.cache\firebase\emulators\ui-v1.15.0\client\assets
[debug] [2025-09-19T00:33:24.079Z] [unzip] deflating: C:\Users\pphap\.cache\firebase\emulators\ui-v1.15.0\client\assets\index-BX-A56oj.js.map
[debug] [2025-09-19T00:33:24.528Z] [unzip] Entry: client/assets/extensions/ (compressed_size=0 bytes, uncompressed_size=0 bytes)
[debug] [2025-09-19T00:33:24.531Z] [unzip] Processing entry: client\assets\extensions\
[debug] [2025-09-19T00:33:24.532Z] [unzip] mkdir: C:\Users\pphap\.cache\firebase\emulators\ui-v1.15.0\client\assets\extensions\
[debug] [2025-09-19T00:33:24.537Z] [unzip] Entry: client/assets/extensions/default-extension.png (compressed_size=1646 bytes, uncompressed_size=1657 bytes)
[debug] [2025-09-19T00:33:24.538Z] [unzip] Processing entry: client\assets\extensions\default-extension.png
[debug] [2025-09-19T00:33:24.538Z] [unzip] else mkdir: C:\Users\pphap\.cache\firebase\emulators\ui-v1.15.0\client\assets\extensions
[debug] [2025-09-19T00:33:24.542Z] [unzip] deflating: C:\Users\pphap\.cache\firebase\emulators\ui-v1.15.0\client\assets\extensions\default-extension.png
[debug] [2025-09-19T00:33:24.555Z] [unzip] Entry: client/assets/img/ (compressed_size=0 bytes, uncompressed_size=0 bytes)
[debug] [2025-09-19T00:33:24.558Z] [unzip] Processing entry: client\assets\img\
[debug] [2025-09-19T00:33:24.558Z] [unzip] mkdir: C:\Users\pphap\.cache\firebase\emulators\ui-v1.15.0\client\assets\img\
[debug] [2025-09-19T00:33:24.563Z] [unzip] Entry: client/assets/img/database.png (compressed_size=29449 bytes, uncompressed_size=29988 bytes)
[debug] [2025-09-19T00:33:24.564Z] [unzip] Processing entry: client\assets\img\database.png
[debug] [2025-09-19T00:33:24.564Z] [unzip] else mkdir: C:\Users\pphap\.cache\firebase\emulators\ui-v1.15.0\client\assets\img
[debug] [2025-09-19T00:33:24.575Z] [unzip] deflating: C:\Users\pphap\.cache\firebase\emulators\ui-v1.15.0\client\assets\img\database.png
[debug] [2025-09-19T00:33:24.593Z] [unzip] Entry: client/assets/provider-icons/ (compressed_size=0 bytes, uncompressed_size=0 bytes)
[debug] [2025-09-19T00:33:24.594Z] [unzip] Processing entry: client\assets\provider-icons\
[debug] [2025-09-19T00:33:24.594Z] [unzip] mkdir: C:\Users\pphap\.cache\firebase\emulators\ui-v1.15.0\client\assets\provider-icons\
[debug] [2025-09-19T00:33:24.597Z] [unzip] Entry: client/assets/provider-icons/auth_service_saml.svg (compressed_size=575 bytes, uncompressed_size=1226 bytes)
[debug] [2025-09-19T00:33:24.598Z] [unzip] Processing entry: client\assets\provider-icons\auth_service_saml.svg
[debug] [2025-09-19T00:33:24.599Z] [unzip] else mkdir: C:\Users\pphap\.cache\firebase\emulators\ui-v1.15.0\client\assets\provider-icons
[debug] [2025-09-19T00:33:24.604Z] [unzip] deflating: C:\Users\pphap\.cache\firebase\emulators\ui-v1.15.0\client\assets\provider-icons\auth_service_saml.svg
[debug] [2025-09-19T00:33:24.623Z] [unzip] Entry: client/assets/provider-icons/auth_service_phone.svg (compressed_size=261 bytes, uncompressed_size=414 bytes)
[debug] [2025-09-19T00:33:24.623Z] [unzip] Processing entry: client\assets\provider-icons\auth_service_phone.svg
[debug] [2025-09-19T00:33:24.624Z] [unzip] else mkdir: C:\Users\pphap\.cache\firebase\emulators\ui-v1.15.0\client\assets\provider-icons
[debug] [2025-09-19T00:33:24.625Z] [unzip] deflating: C:\Users\pphap\.cache\firebase\emulators\ui-v1.15.0\client\assets\provider-icons\auth_service_phone.svg
[debug] [2025-09-19T00:33:24.643Z] [unzip] Entry: client/assets/provider-icons/auth_service_facebook.svg (compressed_size=289 bytes, uncompressed_size=457 bytes)
[debug] [2025-09-19T00:33:24.644Z] [unzip] Processing entry: client\assets\provider-icons\auth_service_facebook.svg
[debug] [2025-09-19T00:33:24.644Z] [unzip] else mkdir: C:\Users\pphap\.cache\firebase\emulators\ui-v1.15.0\client\assets\provider-icons
[debug] [2025-09-19T00:33:24.648Z] [unzip] deflating: C:\Users\pphap\.cache\firebase\emulators\ui-v1.15.0\client\assets\provider-icons\auth_service_facebook.svg
[debug] [2025-09-19T00:33:24.662Z] [unzip] Entry: client/assets/provider-icons/auth_service_game_center.svg (compressed_size=991 bytes, uncompressed_size=3921 bytes)
[debug] [2025-09-19T00:33:24.662Z] [unzip] Processing entry: client\assets\provider-icons\auth_service_game_center.svg
[debug] [2025-09-19T00:33:24.662Z] [unzip] else mkdir: C:\Users\pphap\.cache\firebase\emulators\ui-v1.15.0\client\assets\provider-icons
[debug] [2025-09-19T00:33:24.667Z] [unzip] deflating: C:\Users\pphap\.cache\firebase\emulators\ui-v1.15.0\client\assets\provider-icons\auth_service_game_center.svg
[debug] [2025-09-19T00:33:24.680Z] [unzip] Entry: client/assets/provider-icons/auth_service_apple.svg (compressed_size=230 bytes, uncompressed_size=334 bytes)
[debug] [2025-09-19T00:33:24.683Z] [unzip] Processing entry: client\assets\provider-icons\auth_service_apple.svg
[debug] [2025-09-19T00:33:24.683Z] [unzip] else mkdir: C:\Users\pphap\.cache\firebase\emulators\ui-v1.15.0\client\assets\provider-icons
[debug] [2025-09-19T00:33:24.685Z] [unzip] deflating: C:\Users\pphap\.cache\firebase\emulators\ui-v1.15.0\client\assets\provider-icons\auth_service_apple.svg
[debug] [2025-09-19T00:33:24.704Z] [unzip] Entry: client/assets/provider-icons/auth_service_github.svg (compressed_size=466 bytes, uncompressed_size=838 bytes)
[debug] [2025-09-19T00:33:24.706Z] [unzip] Processing entry: client\assets\provider-icons\auth_service_github.svg
[debug] [2025-09-19T00:33:24.706Z] [unzip] else mkdir: C:\Users\pphap\.cache\firebase\emulators\ui-v1.15.0\client\assets\provider-icons
[debug] [2025-09-19T00:33:24.710Z] [unzip] deflating: C:\Users\pphap\.cache\firebase\emulators\ui-v1.15.0\client\assets\provider-icons\auth_service_github.svg
[debug] [2025-09-19T00:33:24.732Z] [unzip] Entry: client/assets/provider-icons/auth_service_mslive.svg (compressed_size=203 bytes, uncompressed_size=378 bytes)
[debug] [2025-09-19T00:33:24.733Z] [unzip] Processing entry: client\assets\provider-icons\auth_service_mslive.svg
[debug] [2025-09-19T00:33:24.733Z] [unzip] else mkdir: C:\Users\pphap\.cache\firebase\emulators\ui-v1.15.0\client\assets\provider-icons
[debug] [2025-09-19T00:33:24.734Z] [unzip] deflating: C:\Users\pphap\.cache\firebase\emulators\ui-v1.15.0\client\assets\provider-icons\auth_service_mslive.svg
[debug] [2025-09-19T00:33:24.744Z] [unzip] Entry: client/assets/provider-icons/auth_service_yahoo.svg (compressed_size=577 bytes, uncompressed_size=1182 bytes)
[debug] [2025-09-19T00:33:24.745Z] [unzip] Processing entry: client\assets\provider-icons\auth_service_yahoo.svg
[debug] [2025-09-19T00:33:24.745Z] [unzip] else mkdir: C:\Users\pphap\.cache\firebase\emulators\ui-v1.15.0\client\assets\provider-icons
[debug] [2025-09-19T00:33:24.746Z] [unzip] deflating: C:\Users\pphap\.cache\firebase\emulators\ui-v1.15.0\client\assets\provider-icons\auth_service_yahoo.svg
[debug] [2025-09-19T00:33:24.758Z] [unzip] Entry: client/assets/provider-icons/auth_service_twitter.svg (compressed_size=444 bytes, uncompressed_size=751 bytes)
[debug] [2025-09-19T00:33:24.760Z] [unzip] Processing entry: client\assets\provider-icons\auth_service_twitter.svg
[debug] [2025-09-19T00:33:24.765Z] [unzip] else mkdir: C:\Users\pphap\.cache\firebase\emulators\ui-v1.15.0\client\assets\provider-icons
[debug] [2025-09-19T00:33:24.770Z] [unzip] deflating: C:\Users\pphap\.cache\firebase\emulators\ui-v1.15.0\client\assets\provider-icons\auth_service_twitter.svg
[debug] [2025-09-19T00:33:24.788Z] [unzip] Entry: client/assets/provider-icons/auth_service_play_games.svg (compressed_size=565 bytes, uncompressed_size=1173 bytes)
[debug] [2025-09-19T00:33:24.789Z] [unzip] Processing entry: client\assets\provider-icons\auth_service_play_games.svg
[debug] [2025-09-19T00:33:24.792Z] [unzip] else mkdir: C:\Users\pphap\.cache\firebase\emulators\ui-v1.15.0\client\assets\provider-icons
[debug] [2025-09-19T00:33:24.795Z] [unzip] deflating: C:\Users\pphap\.cache\firebase\emulators\ui-v1.15.0\client\assets\provider-icons\auth_service_play_games.svg
[debug] [2025-09-19T00:33:24.813Z] [unzip] Entry: client/assets/provider-icons/auth_service_email.svg (compressed_size=228 bytes, uncompressed_size=326 bytes)
[debug] [2025-09-19T00:33:24.813Z] [unzip] Processing entry: client\assets\provider-icons\auth_service_email.svg
[debug] [2025-09-19T00:33:24.814Z] [unzip] else mkdir: C:\Users\pphap\.cache\firebase\emulators\ui-v1.15.0\client\assets\provider-icons
[debug] [2025-09-19T00:33:24.818Z] [unzip] deflating: C:\Users\pphap\.cache\firebase\emulators\ui-v1.15.0\client\assets\provider-icons\auth_service_email.svg
[debug] [2025-09-19T00:33:24.837Z] [unzip] Entry: client/assets/provider-icons/auth_service_google.svg (compressed_size=409 bytes, uncompressed_size=720 bytes)
[debug] [2025-09-19T00:33:24.840Z] [unzip] Processing entry: client\assets\provider-icons\auth_service_google.svg
[debug] [2025-09-19T00:33:24.841Z] [unzip] else mkdir: C:\Users\pphap\.cache\firebase\emulators\ui-v1.15.0\client\assets\provider-icons
[debug] [2025-09-19T00:33:24.844Z] [unzip] deflating: C:\Users\pphap\.cache\firebase\emulators\ui-v1.15.0\client\assets\provider-icons\auth_service_google.svg
[debug] [2025-09-19T00:33:24.858Z] [unzip] Entry: client/assets/provider-icons/auth_service_oidc.svg (compressed_size=414 bytes, uncompressed_size=858 bytes)
[debug] [2025-09-19T00:33:24.860Z] [unzip] Processing entry: client\assets\provider-icons\auth_service_oidc.svg
[debug] [2025-09-19T00:33:24.861Z] [unzip] else mkdir: C:\Users\pphap\.cache\firebase\emulators\ui-v1.15.0\client\assets\provider-icons
[debug] [2025-09-19T00:33:24.863Z] [unzip] deflating: C:\Users\pphap\.cache\firebase\emulators\ui-v1.15.0\client\assets\provider-icons\auth_service_oidc.svg
[debug] [2025-09-19T00:33:24.876Z] [unzip] Entry: client/browserconfig.xml (compressed_size=491 bytes, uncompressed_size=822 bytes)
[debug] [2025-09-19T00:33:24.876Z] [unzip] Processing entry: client\browserconfig.xml
[debug] [2025-09-19T00:33:24.877Z] [unzip] else mkdir: C:\Users\pphap\.cache\firebase\emulators\ui-v1.15.0\client
[debug] [2025-09-19T00:33:24.880Z] [unzip] deflating: C:\Users\pphap\.cache\firebase\emulators\ui-v1.15.0\client\browserconfig.xml
[debug] [2025-09-19T00:33:24.897Z] [unzip] Entry: client/favicon-32x32.png (compressed_size=475 bytes, uncompressed_size=475 bytes)
[debug] [2025-09-19T00:33:24.898Z] [unzip] Processing entry: client\favicon-32x32.png
[debug] [2025-09-19T00:33:24.898Z] [unzip] else mkdir: C:\Users\pphap\.cache\firebase\emulators\ui-v1.15.0\client
[debug] [2025-09-19T00:33:24.904Z] [unzip] Writing file: C:\Users\pphap\.cache\firebase\emulators\ui-v1.15.0\client\favicon-32x32.png
[debug] [2025-09-19T00:33:24.911Z] [unzip] Entry: server/ (compressed_size=0 bytes, uncompressed_size=0 bytes)
[debug] [2025-09-19T00:33:24.913Z] [unzip] Processing entry: server\
[debug] [2025-09-19T00:33:24.913Z] [unzip] mkdir: C:\Users\pphap\.cache\firebase\emulators\ui-v1.15.0\server\
[debug] [2025-09-19T00:33:24.916Z] [unzip] Entry: server/server.mjs.map (compressed_size=217845 bytes, uncompressed_size=944978 bytes)
[debug] [2025-09-19T00:33:24.917Z] [unzip] Processing entry: server\server.mjs.map
[debug] [2025-09-19T00:33:24.919Z] [unzip] else mkdir: C:\Users\pphap\.cache\firebase\emulators\ui-v1.15.0\server
[debug] [2025-09-19T00:33:24.924Z] [unzip] deflating: C:\Users\pphap\.cache\firebase\emulators\ui-v1.15.0\server\server.mjs.map
[debug] [2025-09-19T00:33:24.999Z] [unzip] Entry: server/server.mjs (compressed_size=276407 bytes, uncompressed_size=933701 bytes)
[debug] [2025-09-19T00:33:24.999Z] [unzip] Processing entry: server\server.mjs
[debug] [2025-09-19T00:33:24.999Z] [unzip] else mkdir: C:\Users\pphap\.cache\firebase\emulators\ui-v1.15.0\server
[debug] [2025-09-19T00:33:25.004Z] [unzip] deflating: C:\Users\pphap\.cache\firebase\emulators\ui-v1.15.0\server\server.mjs
[info] i  functions: Watching "d:\expense-tracker\functions" for Cloud Functions... {"metadata":{"emulator":{"name":"functions"},"message":"Watching \"d:\\expense-tracker\\functions\" for Cloud Functions..."}}
[debug] [2025-09-19T00:33:25.096Z] Validating nodejs source
[debug] [2025-09-19T00:33:30.149Z] > [functions] package.json contents: {
  "name": "functions",
  "description": "Cloud Functions for Firebase",
  "scripts": {
    "lint": "eslint .",
    "serve": "firebase emulators:start --only functions",
    "shell": "firebase functions:shell",
    "start": "npm run shell",
    "deploy": "firebase deploy --only functions",
    "logs": "firebase functions:log"
  },
  "engines": {
    "node": "22"
  },
  "main": "index.js",
  "dependencies": {
    "firebase-admin": "^13.5.0",
    "firebase-functions": "^6.0.1"
  },
  "devDependencies": {
    "eslint": "^8.15.0",
    "eslint-config-google": "^0.14.0",
    "firebase-functions-test": "^3.1.0"
  },
  "private": true
}
[debug] [2025-09-19T00:33:30.150Z] Building nodejs source
[debug] [2025-09-19T00:33:30.152Z] Failed to find version of module node: reached end of search path d:\expense-tracker\functions\node_modules
[info] +  functions: Using node@22 from host. 
[debug] [2025-09-19T00:33:30.161Z] Could not find functions.yaml. Must use http discovery
[debug] [2025-09-19T00:33:30.191Z] Found firebase-functions binary at 'd:\expense-tracker\functions\node_modules\.bin\firebase-functions'
[info] Serving at port 8056

[debug] [2025-09-19T00:33:33.949Z] Got response from /__/functions.yaml {"endpoints":{"getTransactions":{"availableMemoryMb":256,"timeoutSeconds":60,"minInstances":null,"maxInstances":null,"ingressSettings":null,"concurrency":null,"serviceAccountEmail":null,"vpc":null,"platform":"gcfv2","region":["asia-southeast1"],"labels":{},"httpsTrigger":{},"entryPoint":"getTransactions"},"addTransaction":{"availableMemoryMb":256,"timeoutSeconds":60,"minInstances":null,"maxInstances":null,"ingressSettings":null,"concurrency":null,"serviceAccountEmail":null,"vpc":null,"platform":"gcfv2","region":["asia-southeast1"],"labels":{},"httpsTrigger":{},"entryPoint":"addTransaction"},"updateTransaction":{"availableMemoryMb":256,"timeoutSeconds":60,"minInstances":null,"maxInstances":null,"ingressSettings":null,"concurrency":null,"serviceAccountEmail":null,"vpc":null,"platform":"gcfv2","region":["asia-southeast1"],"labels":{},"httpsTrigger":{},"entryPoint":"updateTransaction"},"deleteTransaction":{"availableMemoryMb":256,"timeoutSeconds":60,"minInstances":null,"maxInstances":null,"ingressSettings":null,"concurrency":null,"serviceAccountEmail":null,"vpc":null,"platform":"gcfv2","region":["asia-southeast1"],"labels":{},"httpsTrigger":{},"entryPoint":"deleteTransaction"},"getTransactionSummary":{"availableMemoryMb":256,"timeoutSeconds":60,"minInstances":null,"maxInstances":null,"ingressSettings":null,"concurrency":null,"serviceAccountEmail":null,"vpc":null,"platform":"gcfv2","region":["asia-southeast1"],"labels":{},"httpsTrigger":{},"entryPoint":"getTransactionSummary"},"onTransactionCreated":{"availableMemoryMb":null,"timeoutSeconds":null,"minInstances":null,"maxInstances":null,"ingressSettings":null,"concurrency":null,"serviceAccountEmail":null,"vpc":null,"platform":"gcfv2","labels":{},"eventTrigger":{"eventType":"google.cloud.firestore.document.v1.created","eventFilters":{"database":"(default)","namespace":"(default)"},"eventFilterPathPatterns":{"document":"transactions/{transactionId}"},"retry":false},"entryPoint":"onTransactionCreated"},"onTransactionUpdated":{"availableMemoryMb":null,"timeoutSeconds":null,"minInstances":null,"maxInstances":null,"ingressSettings":null,"concurrency":null,"serviceAccountEmail":null,"vpc":null,"platform":"gcfv2","labels":{},"eventTrigger":{"eventType":"google.cloud.firestore.document.v1.updated","eventFilters":{"database":"(default)","namespace":"(default)"},"eventFilterPathPatterns":{"document":"transactions/{transactionId}"},"retry":false},"entryPoint":"onTransactionUpdated"},"onTransactionDeleted":{"availableMemoryMb":null,"timeoutSeconds":null,"minInstances":null,"maxInstances":null,"ingressSettings":null,"concurrency":null,"serviceAccountEmail":null,"vpc":null,"platform":"gcfv2","labels":{},"eventTrigger":{"eventType":"google.cloud.firestore.document.v1.deleted","eventFilters":{"database":"(default)","namespace":"(default)"},"eventFilterPathPatterns":{"document":"transactions/{transactionId}"},"retry":false},"entryPoint":"onTransactionDeleted"},"registerUser":{"availableMemoryMb":256,"timeoutSeconds":60,"minInstances":null,"maxInstances":null,"ingressSettings":null,"concurrency":null,"serviceAccountEmail":null,"vpc":null,"platform":"gcfv2","region":["asia-southeast1"],"labels":{},"httpsTrigger":{},"entryPoint":"registerUser"},"verifyToken":{"availableMemoryMb":256,"timeoutSeconds":60,"minInstances":null,"maxInstances":null,"ingressSettings":null,"concurrency":null,"serviceAccountEmail":null,"vpc":null,"platform":"gcfv2","region":["asia-southeast1"],"labels":{},"httpsTrigger":{},"entryPoint":"verifyToken"},"sendPasswordReset":{"availableMemoryMb":256,"timeoutSeconds":60,"minInstances":null,"maxInstances":null,"ingressSettings":null,"concurrency":null,"serviceAccountEmail":null,"vpc":null,"platform":"gcfv2","region":["asia-southeast1"],"labels":{},"httpsTrigger":{},"entryPoint":"sendPasswordReset"},"sendEmailVerification":{"availableMemoryMb":256,"timeoutSeconds":60,"minInstances":null,"maxInstances":null,"ingressSettings":null,"concurrency":null,"serviceAccountEmail":null,"vpc":null,"platform":"gcfv2","region":["asia-southeast1"],"labels":{},"httpsTrigger":{},"entryPoint":"sendEmailVerification"},"updateUserProfile":{"availableMemoryMb":256,"timeoutSeconds":60,"minInstances":null,"maxInstances":null,"ingressSettings":null,"concurrency":null,"serviceAccountEmail":null,"vpc":null,"platform":"gcfv2","region":["asia-southeast1"],"labels":{},"httpsTrigger":{},"entryPoint":"updateUserProfile"},"deleteUserAccount":{"availableMemoryMb":256,"timeoutSeconds":60,"minInstances":null,"maxInstances":null,"ingressSettings":null,"concurrency":null,"serviceAccountEmail":null,"vpc":null,"platform":"gcfv2","region":["asia-southeast1"],"labels":{},"httpsTrigger":{},"entryPoint":"deleteUserAccount"},"getUserProfile":{"availableMemoryMb":256,"timeoutSeconds":60,"minInstances":null,"maxInstances":null,"ingressSettings":null,"concurrency":null,"serviceAccountEmail":null,"vpc":null,"platform":"gcfv2","region":["asia-southeast1"],"labels":{},"httpsTrigger":{},"entryPoint":"getUserProfile"}},"specVersion":"v1alpha1","requiredAPIs":[],"extensions":{}}
[info] +  functions: Loaded functions definitions from source: getTransactions, addTransaction, updateTransaction, deleteTransaction, getTransactionSummary, registerUser, verifyToken, sendPasswordReset, sendEmailVerification, updateUserProfile, deleteUserAccount, getUserProfile, onTransactionCreated, onTransactionUpdated, onTransactionDeleted. {"metadata":{"emulator":{"name":"functions"},"message":"Loaded functions definitions from source: getTransactions, addTransaction, updateTransaction, deleteTransaction, getTransactionSummary, registerUser, verifyToken, sendPasswordReset, sendEmailVerification, updateUserProfile, deleteUserAccount, getUserProfile, onTransactionCreated, onTransactionUpdated, onTransactionDeleted."}}
[info] +  functions[asia-southeast1-getTransactions]: http function initialized (http://127.0.0.1:5001/expense-wallet-82d9f/asia-southeast1/getTransactions). {"metadata":{"emulator":{"name":"functions"},"message":"\u001b[1mhttp\u001b[22m function initialized (http://127.0.0.1:5001/expense-wallet-82d9f/asia-southeast1/getTransactions)."}}
[info] +  functions[asia-southeast1-addTransaction]: http function initialized (http://127.0.0.1:5001/expense-wallet-82d9f/asia-southeast1/addTransaction). {"metadata":{"emulator":{"name":"functions"},"message":"\u001b[1mhttp\u001b[22m function initialized (http://127.0.0.1:5001/expense-wallet-82d9f/asia-southeast1/addTransaction)."}}
[info] +  functions[asia-southeast1-updateTransaction]: http function initialized (http://127.0.0.1:5001/expense-wallet-82d9f/asia-southeast1/updateTransaction). {"metadata":{"emulator":{"name":"functions"},"message":"\u001b[1mhttp\u001b[22m function initialized (http://127.0.0.1:5001/expense-wallet-82d9f/asia-southeast1/updateTransaction)."}}
[info] +  functions[asia-southeast1-deleteTransaction]: http function initialized (http://127.0.0.1:5001/expense-wallet-82d9f/asia-southeast1/deleteTransaction). {"metadata":{"emulator":{"name":"functions"},"message":"\u001b[1mhttp\u001b[22m function initialized (http://127.0.0.1:5001/expense-wallet-82d9f/asia-southeast1/deleteTransaction)."}}
[info] +  functions[asia-southeast1-getTransactionSummary]: http function initialized (http://127.0.0.1:5001/expense-wallet-82d9f/asia-southeast1/getTransactionSummary). {"metadata":{"emulator":{"name":"functions"},"message":"\u001b[1mhttp\u001b[22m function initialized (http://127.0.0.1:5001/expense-wallet-82d9f/asia-southeast1/getTransactionSummary)."}}
[info] +  functions[asia-southeast1-registerUser]: http function initialized (http://127.0.0.1:5001/expense-wallet-82d9f/asia-southeast1/registerUser). {"metadata":{"emulator":{"name":"functions"},"message":"\u001b[1mhttp\u001b[22m function initialized (http://127.0.0.1:5001/expense-wallet-82d9f/asia-southeast1/registerUser)."}}
[info] +  functions[asia-southeast1-verifyToken]: http function initialized (http://127.0.0.1:5001/expense-wallet-82d9f/asia-southeast1/verifyToken). {"metadata":{"emulator":{"name":"functions"},"message":"\u001b[1mhttp\u001b[22m function initialized (http://127.0.0.1:5001/expense-wallet-82d9f/asia-southeast1/verifyToken)."}}
[info] +  functions[asia-southeast1-sendPasswordReset]: http function initialized (http://127.0.0.1:5001/expense-wallet-82d9f/asia-southeast1/sendPasswordReset). {"metadata":{"emulator":{"name":"functions"},"message":"\u001b[1mhttp\u001b[22m function initialized (http://127.0.0.1:5001/expense-wallet-82d9f/asia-southeast1/sendPasswordReset)."}}
[info] +  functions[asia-southeast1-sendEmailVerification]: http function initialized (http://127.0.0.1:5001/expense-wallet-82d9f/asia-southeast1/sendEmailVerification). {"metadata":{"emulator":{"name":"functions"},"message":"\u001b[1mhttp\u001b[22m function initialized (http://127.0.0.1:5001/expense-wallet-82d9f/asia-southeast1/sendEmailVerification)."}}
[info] +  functions[asia-southeast1-updateUserProfile]: http function initialized (http://127.0.0.1:5001/expense-wallet-82d9f/asia-southeast1/updateUserProfile). {"metadata":{"emulator":{"name":"functions"},"message":"\u001b[1mhttp\u001b[22m function initialized (http://127.0.0.1:5001/expense-wallet-82d9f/asia-southeast1/updateUserProfile)."}}
[info] +  functions[asia-southeast1-deleteUserAccount]: http function initialized (http://127.0.0.1:5001/expense-wallet-82d9f/asia-southeast1/deleteUserAccount). {"metadata":{"emulator":{"name":"functions"},"message":"\u001b[1mhttp\u001b[22m function initialized (http://127.0.0.1:5001/expense-wallet-82d9f/asia-southeast1/deleteUserAccount)."}}
[info] +  functions[asia-southeast1-getUserProfile]: http function initialized (http://127.0.0.1:5001/expense-wallet-82d9f/asia-southeast1/getUserProfile). {"metadata":{"emulator":{"name":"functions"},"message":"\u001b[1mhttp\u001b[22m function initialized (http://127.0.0.1:5001/expense-wallet-82d9f/asia-southeast1/getUserProfile)."}}
[info] i  functions[us-central1-onTransactionCreated]: function ignored because the firestore emulator does not exist or is not running. {"metadata":{"emulator":{"name":"functions"},"message":"function ignored because the firestore emulator does not exist or is not running."}}
[info] i  functions[us-central1-onTransactionUpdated]: function ignored because the firestore emulator does not exist or is not running. {"metadata":{"emulator":{"name":"functions"},"message":"function ignored because the firestore emulator does not exist or is not running."}}
[info] i  functions[us-central1-onTransactionDeleted]: function ignored because the firestore emulator does not exist or is not running. {"metadata":{"emulator":{"name":"functions"},"message":"function ignored because the firestore emulator does not exist or is not running."}}
[debug] [2025-09-19T00:33:38.107Z] Could not find VSCode notification endpoint: FetchError: request to http://localhost:40001/vscode/notify failed, reason: . If you are not running the Firebase Data Connect VSCode extension, this is expected and not an issue.
[info] 
┌─────────────────────────────────────────────────────────────┐
│ ✔  All emulators ready! It is now safe to connect your app. │
│ i  View Emulator UI at http://127.0.0.1:4000/               │
└─────────────────────────────────────────────────────────────┘

┌───────────┬────────────────┬─────────────────────────────────┐
│ Emulator  │ Host:Port      │ View in Emulator UI             │
├───────────┼────────────────┼─────────────────────────────────┤
│ Functions │ 127.0.0.1:5001 │ http://127.0.0.1:4000/functions │
└───────────┴────────────────┴─────────────────────────────────┘
  Emulator Hub host: 127.0.0.1 port: 4400
  Other reserved ports: 4500

Issues? Report them at https://github.com/firebase/firebase-tools/issues and attach the *-debug.log files.
 
