[debug] [2025-09-05T00:28:23.536Z] ----------------------------------------------------------------------
[debug] [2025-09-05T00:28:23.545Z] Command:       D:\VScode\node.exe C:\Users\pphap\AppData\Roaming\npm\node_modules\firebase-tools\lib\bin\firebase.js init
[debug] [2025-09-05T00:28:23.546Z] CLI Version:   14.15.2
[debug] [2025-09-05T00:28:23.546Z] Platform:      win32
[debug] [2025-09-05T00:28:23.547Z] Node Version:  v22.19.0
[debug] [2025-09-05T00:28:23.548Z] Time:          Fri Sep 05 2025 07:28:23 GMT+0700 (Indochina Time)
[debug] [2025-09-05T00:28:23.548Z] ----------------------------------------------------------------------
[debug] 
[debug] [2025-09-05T00:28:23.565Z] > command requires scopes: ["email","openid","https://www.googleapis.com/auth/cloudplatformprojects.readonly","https://www.googleapis.com/auth/firebase","https://www.googleapis.com/auth/cloud-platform"]
[debug] [2025-09-05T00:28:23.566Z] > authorizing via signed-in user (pphappy076@gmail.com)
[info] 
     ######## #### ########  ######## ########     ###     ######  ########
     ##        ##  ##     ## ##       ##     ##  ##   ##  ##       ##
     ######    ##  ########  ######   ########  #########  ######  ######
     ##        ##  ##    ##  ##       ##     ## ##     ##       ## ##
     ##       #### ##     ## ######## ########  ##     ##  ######  ########

You're about to initialize a Firebase project in this directory:

  D:\expense-tracker

[info] 
=== Project Setup
[info] 
[info] First, let's associate this project directory with a Firebase project.
[info] You can create multiple project aliases by running firebase use --add, 
[info] but for now we'll just set up a default project.
[info] 
[debug] [2025-09-05T00:30:40.133Z] Using project from CLI flag: expense-wallet-82d9f
[debug] [2025-09-05T00:30:40.136Z] Checked if tokens are valid: true, expires at: 1757034469305
[debug] [2025-09-05T00:30:40.136Z] Checked if tokens are valid: true, expires at: 1757034469305
[debug] [2025-09-05T00:30:40.139Z] >>> [apiv2][query] GET https://firebase.googleapis.com/v1beta1/projects/expense-wallet-82d9f [none]
[debug] [2025-09-05T00:30:40.984Z] <<< [apiv2][status] GET https://firebase.googleapis.com/v1beta1/projects/expense-wallet-82d9f 200
[debug] [2025-09-05T00:30:40.985Z] <<< [apiv2][body] GET https://firebase.googleapis.com/v1beta1/projects/expense-wallet-82d9f {"projectId":"expense-wallet-82d9f","projectNumber":"217695264435","displayName":"Expense wallet","name":"projects/expense-wallet-82d9f","resources":{"hostingSite":"expense-wallet-82d9f"},"state":"ACTIVE","etag":"1_31163ec7-0ec1-4f6f-af19-3e7e7d6dab14"}
[info] i  Using project expense-wallet-82d9f (Expense wallet) 
[info] 
=== Hosting Setup
[debug] [2025-09-05T00:30:41.138Z] Checked if tokens are valid: true, expires at: 1757034469305
[debug] [2025-09-05T00:30:41.138Z] Checked if tokens are valid: true, expires at: 1757034469305
[debug] [2025-09-05T00:30:41.138Z] >>> [apiv2][query] GET https://firebase.googleapis.com/v1beta1/projects/expense-wallet-82d9f [none]
[debug] [2025-09-05T00:30:41.734Z] <<< [apiv2][status] GET https://firebase.googleapis.com/v1beta1/projects/expense-wallet-82d9f 200
[debug] [2025-09-05T00:30:41.734Z] <<< [apiv2][body] GET https://firebase.googleapis.com/v1beta1/projects/expense-wallet-82d9f {"projectId":"expense-wallet-82d9f","projectNumber":"217695264435","displayName":"Expense wallet","name":"projects/expense-wallet-82d9f","resources":{"hostingSite":"expense-wallet-82d9f"},"state":"ACTIVE","etag":"1_31163ec7-0ec1-4f6f-af19-3e7e7d6dab14"}
[info] 
[info] Your public directory is the folder (relative to your project directory) that
[info] will contain Hosting assets to be uploaded with firebase deploy. If you
[info] have a build process for your assets, use your build's output directory.
[info] 
[debug] [2025-09-05T00:31:29.487Z] >>> [apiv2][query] GET https://www.gstatic.com/firebasejs/releases.json [none]
[debug] [2025-09-05T00:31:29.612Z] <<< [apiv2][status] GET https://www.gstatic.com/firebasejs/releases.json 200
[debug] [2025-09-05T00:31:29.612Z] <<< [apiv2][body] GET https://www.gstatic.com/firebasejs/releases.json {"current":{"version":"12.2.1","browserURL":"https://www.gstatic.com/firebasejs/12.2.1/firebase.js","packageURL":"https://www.gstatic.com/firebasejs/12.2.1/firebase.tgz"},"live":{"version":"12.2","browserURL":"https://www.gstatic.com/firebasejs/live/12.2/firebase.js","packageURL":"https://www.gstatic.com/firebasejs/live/12.2/firebase.tgz"},"components":{"ai":"https://www.gstatic.com/firebasejs/12.2.1/firebase-ai.js","analytics":"https://www.gstatic.com/firebasejs/12.2.1/firebase-analytics.js","app":"https://www.gstatic.com/firebasejs/12.2.1/firebase-app.js","app-check":"https://www.gstatic.com/firebasejs/12.2.1/firebase-app-check.js","auth":"https://www.gstatic.com/firebasejs/12.2.1/firebase-auth.js","auth/cordova":"https://www.gstatic.com/firebasejs/12.2.1/firebase-auth/cordova.js","auth/web-extension":"https://www.gstatic.com/firebasejs/12.2.1/firebase-auth/web-extension.js","functions":"https://www.gstatic.com/firebasejs/12.2.1/firebase-functions.js","firestore":"https://www.gstatic.com/firebasejs/12.2.1/firebase-firestore.js","firestore/lite":"https://www.gstatic.com/firebasejs/12.2.1/firebase-firestore/lite.js","installations":"https://www.gstatic.com/firebasejs/12.2.1/firebase-installations.js","storage":"https://www.gstatic.com/firebasejs/12.2.1/firebase-storage.js","performance":"https://www.gstatic.com/firebasejs/12.2.1/firebase-performance.js","remote-config":"https://www.gstatic.com/firebasejs/12.2.1/firebase-remote-config.js","messaging":"https://www.gstatic.com/firebasejs/12.2.1/firebase-messaging.js","messaging/sw":"https://www.gstatic.com/firebasejs/12.2.1/firebase-messaging/sw.js","database":"https://www.gstatic.com/firebasejs/12.2.1/firebase-database.js","data-connect":"https://www.gstatic.com/firebasejs/12.2.1/firebase-data-connect.js","firestore.memory":"https://www.gstatic.com/firebasejs/12.2.1/firebase-firestore.memory.js"}}
[info] +  Wrote public/index.html 
[info] 
[info] i  Didn't detect a .git folder. Assuming D:\expense-tracker is the project root. 
[info] i  Authorizing with GitHub to upload your service account to a GitHub repository's secrets store. 
[info] 
[info] Visit this URL on this device to log in:
[info] https://github.com/login/oauth/authorize?client_id=89cf50f02ac6aaed3484&state=249716665&redirect_uri=http%3A%2F%2Flocalhost%3A9005&scope=read%3Auser%20repo%20public_repo
[info] 
[info] Waiting for authentication...
[debug] [2025-09-05T00:31:45.203Z] >>> [apiv2][query] POST https://github.com/login/oauth/access_token [none]
[debug] [2025-09-05T00:31:45.203Z] >>> [apiv2][body] POST https://github.com/login/oauth/access_token [stream]
[debug] [2025-09-05T00:31:45.705Z] <<< [apiv2][status] POST https://github.com/login/oauth/access_token 200
[debug] [2025-09-05T00:31:45.705Z] <<< [apiv2][body] POST https://github.com/login/oauth/access_token {"access_token":"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","token_type":"bearer","scope":"read:user,repo"}
[debug] [2025-09-05T00:31:45.714Z] >>> [apiv2][query] GET https://api.github.com/user [none]
[debug] [2025-09-05T00:31:46.234Z] <<< [apiv2][status] GET https://api.github.com/user 200
[debug] [2025-09-05T00:31:46.234Z] <<< [apiv2][body] GET https://api.github.com/user {"login":"Peerawit65021059","id":150318062,"node_id":"U_kgDOCPWr7g","avatar_url":"https://avatars.githubusercontent.com/u/150318062?v=4","gravatar_id":"","url":"https://api.github.com/users/Peerawit65021059","html_url":"https://github.com/Peerawit65021059","followers_url":"https://api.github.com/users/Peerawit65021059/followers","following_url":"https://api.github.com/users/Peerawit65021059/following{/other_user}","gists_url":"https://api.github.com/users/Peerawit65021059/gists{/gist_id}","starred_url":"https://api.github.com/users/Peerawit65021059/starred{/owner}{/repo}","subscriptions_url":"https://api.github.com/users/Peerawit65021059/subscriptions","organizations_url":"https://api.github.com/users/Peerawit65021059/orgs","repos_url":"https://api.github.com/users/Peerawit65021059/repos","events_url":"https://api.github.com/users/Peerawit65021059/events{/privacy}","received_events_url":"https://api.github.com/users/Peerawit65021059/received_events","type":"User","user_view_type":"private","site_admin":false,"name":null,"company":null,"blog":"","location":null,"email":null,"hireable":null,"bio":null,"twitter_username":null,"notification_email":null,"public_repos":2,"public_gists":0,"followers":0,"following":0,"created_at":"2023-11-09T04:54:32Z","updated_at":"2025-08-21T09:11:59Z","private_gists":0,"total_private_repos":0,"owned_private_repos":0,"disk_usage":0,"collaborators":0,"two_factor_authentication":false,"plan":{"name":"free","space":976562499,"collaborators":0,"private_repos":10000}}
[info] 
[info] +  Success! Logged into GitHub as Peerawit65021059 
[info] 
[debug] [2025-09-05T00:32:04.812Z] >>> [apiv2][query] GET https://api.github.com/repos//actions/secrets/public-key type=owner
[debug] [2025-09-05T00:32:05.187Z] <<< [apiv2][status] GET https://api.github.com/repos//actions/secrets/public-key 404
[debug] [2025-09-05T00:32:05.187Z] <<< [apiv2][body] GET https://api.github.com/repos//actions/secrets/public-key {"message":"Not Found","documentation_url":"https://docs.github.com/rest","status":"404"}
[info] 
[info] 
[error] !  The provided authorization cannot be used with this repository. If this repository is in an organization, did you remember to grant access? 
[info] 
[info] i  Action required: Visit this URL to ensure access has been granted to the appropriate organization(s) for the Firebase CLI GitHub OAuth App: 
[info] https://github.com/settings/connections/applications/89cf50f02ac6aaed3484
[info] 
[debug] [2025-09-05T00:34:19.962Z] >>> [apiv2][query] GET https://api.github.com/repos//actions/secrets/public-key type=owner
[debug] [2025-09-05T00:34:20.365Z] <<< [apiv2][status] GET https://api.github.com/repos//actions/secrets/public-key 404
[debug] [2025-09-05T00:34:20.365Z] <<< [apiv2][body] GET https://api.github.com/repos//actions/secrets/public-key {"message":"Not Found","documentation_url":"https://docs.github.com/rest","status":"404"}
[info] 
[info] 
[error] !  The provided authorization cannot be used with this repository. If this repository is in an organization, did you remember to grant access? 
[info] 
[info] i  Action required: Visit this URL to ensure access has been granted to the appropriate organization(s) for the Firebase CLI GitHub OAuth App: 
[info] https://github.com/settings/connections/applications/89cf50f02ac6aaed3484
[info] 
[debug] [2025-09-05T00:35:40.279Z] >>> [apiv2][query] GET https://api.github.com/repos/Peerawit65021059/expense-tracker/actions/secrets/public-key type=owner
[debug] [2025-09-05T00:35:40.739Z] <<< [apiv2][status] GET https://api.github.com/repos/Peerawit65021059/expense-tracker/actions/secrets/public-key 404
[debug] [2025-09-05T00:35:40.739Z] <<< [apiv2][body] GET https://api.github.com/repos/Peerawit65021059/expense-tracker/actions/secrets/public-key {"message":"Not Found","documentation_url":"https://docs.github.com/rest/actions/secrets#get-a-repository-public-key","status":"404"}
[info] 
[info] 
[error] !  The provided authorization cannot be used with this repository. If this repository is in an organization, did you remember to grant access? 
[info] 
[info] i  Action required: Visit this URL to ensure access has been granted to the appropriate organization(s) for the Firebase CLI GitHub OAuth App: 
[info] https://github.com/settings/connections/applications/89cf50f02ac6aaed3484
[info] 
[debug] [2025-09-05T00:38:49.106Z] >>> [apiv2][query] GET https://api.github.com/repos/Peerawit65021059/expense-tracker/actions/secrets/public-key type=owner
[debug] [2025-09-05T00:38:49.563Z] <<< [apiv2][status] GET https://api.github.com/repos/Peerawit65021059/expense-tracker/actions/secrets/public-key 404
[debug] [2025-09-05T00:38:49.563Z] <<< [apiv2][body] GET https://api.github.com/repos/Peerawit65021059/expense-tracker/actions/secrets/public-key {"message":"Not Found","documentation_url":"https://docs.github.com/rest/actions/secrets#get-a-repository-public-key","status":"404"}
[info] 
[info] 
[error] !  The provided authorization cannot be used with this repository. If this repository is in an organization, did you remember to grant access? 
[info] 
[info] i  Action required: Visit this URL to ensure access has been granted to the appropriate organization(s) for the Firebase CLI GitHub OAuth App: 
[info] https://github.com/settings/connections/applications/89cf50f02ac6aaed3484
[info] 
[debug] [2025-09-05T00:40:40.946Z] >>> [apiv2][query] GET https://api.github.com/repos/Peerawit65021059/expense-tracker/actions/secrets/public-key type=owner
[debug] [2025-09-05T00:40:41.395Z] <<< [apiv2][status] GET https://api.github.com/repos/Peerawit65021059/expense-tracker/actions/secrets/public-key 404
[debug] [2025-09-05T00:40:41.395Z] <<< [apiv2][body] GET https://api.github.com/repos/Peerawit65021059/expense-tracker/actions/secrets/public-key {"message":"Not Found","documentation_url":"https://docs.github.com/rest/actions/secrets#get-a-repository-public-key","status":"404"}
[info] 
[info] 
[error] !  The provided authorization cannot be used with this repository. If this repository is in an organization, did you remember to grant access? 
[info] 
[info] i  Action required: Visit this URL to ensure access has been granted to the appropriate organization(s) for the Firebase CLI GitHub OAuth App: 
[info] https://github.com/settings/connections/applications/89cf50f02ac6aaed3484
[info] 
